[2022-8-5 20:16:7] [INFO] Booting the 'HTTP' middleware...
[2022-8-5 20:16:7] [INFO] Booting the 'CORS' middleware...
[2022-8-5 20:16:7] [INFO] Booting the 'CsrfToken' middleware...
[2022-8-5 20:16:7] [INFO] Booting the 'Views' middleware...
[2022-8-5 20:16:7] [INFO] Booting the 'Statics' middleware...
[2022-8-5 20:16:7] [INFO] Booting the 'StatusMonitor' middleware...
[2022-8-5 20:19:23] [INFO] Booting the 'HTTP' middleware...
[2022-8-5 20:19:23] [INFO] Booting the 'CORS' middleware...
[2022-8-5 20:19:23] [INFO] Booting the 'CsrfToken' middleware...
[2022-8-5 20:19:23] [INFO] Booting the 'Views' middleware...
[2022-8-5 20:19:23] [INFO] Booting the 'Statics' middleware...
[2022-8-5 20:19:23] [INFO] Booting the 'StatusMonitor' middleware...
[2022-8-5 20:21:13] [INFO] Booting the 'HTTP' middleware...
[2022-8-5 20:21:13] [INFO] Booting the 'CORS' middleware...
[2022-8-5 20:21:13] [INFO] Booting the 'CsrfToken' middleware...
[2022-8-5 20:21:13] [INFO] Booting the 'Views' middleware...
[2022-8-5 20:21:13] [INFO] Booting the 'Statics' middleware...
[2022-8-5 20:21:13] [INFO] Booting the 'StatusMonitor' middleware...
[2022-8-5 20:23:56] [INFO] Booting the 'HTTP' middleware...
[2022-8-5 20:23:56] [INFO] Booting the 'CORS' middleware...
[2022-8-5 20:23:56] [INFO] Booting the 'CsrfToken' middleware...
[2022-8-5 20:23:56] [INFO] Booting the 'Views' middleware...
[2022-8-5 20:23:56] [INFO] Booting the 'Statics' middleware...
[2022-8-5 20:23:56] [INFO] Booting the 'StatusMonitor' middleware...
[2022-8-5 20:37:35] [INFO] Booting the 'HTTP' middleware...
[2022-8-5 20:37:35] [INFO] Booting the 'CORS' middleware...
[2022-8-5 20:37:35] [INFO] Booting the 'StatusMonitor' middleware...
[2022-8-5 20:37:35] [INFO] Booting the 'CsrfToken' middleware...
[2022-8-5 20:37:35] [INFO] Booting the 'Statics' middleware...
[2022-8-5 20:37:35] [INFO] Booting the 'Views' middleware...
[2022-8-5 20:38:58] [INFO] Booting the 'HTTP' middleware...
[2022-8-5 20:38:58] [INFO] Booting the 'CORS' middleware...
[2022-8-5 20:38:58] [INFO] Booting the 'StatusMonitor' middleware...
[2022-8-5 20:38:58] [INFO] Booting the 'Views' middleware...
[2022-8-5 20:38:58] [INFO] Booting the 'Statics' middleware...
[2022-8-5 20:38:58] [INFO] Booting the 'CsrfToken' middleware...
